<?xml version="1.0" encoding="UTF-8"?>
<testng-results ignored="0" total="5" passed="3" failed="2" skipped="0">
  <reporter-output>
  </reporter-output>
  <suite started-at="2021-11-26T09:31:53 IST" name="army" finished-at="2021-11-26T09:36:32 IST" duration-ms="278851">
    <groups>
      <group name="cucumber">
        <method signature="AbstractTestNGCucumberTests.runScenario(io.cucumber.testng.PickleWrapper,io.cucumber.testng.FeatureWrapper)[pri:0, instance:runnerFile.TestRunner@1a18644]" name="runScenario" class="io.cucumber.testng.AbstractTestNGCucumberTests"/>
      </group> <!-- cucumber -->
    </groups>
    <test started-at="2021-11-26T09:31:53 IST" name="Test" finished-at="2021-11-26T09:36:32 IST" duration-ms="278851">
      <class name="runnerFile.TestRunner">
        <test-method is-config="true" signature="setUpClass()[pri:0, instance:runnerFile.TestRunner@1a18644]" started-at="2021-11-26T09:31:53 IST" name="setUpClass" finished-at="2021-11-26T09:32:07 IST" duration-ms="14116" status="PASS">
          <reporter-output>
          </reporter-output>
        </test-method> <!-- setUpClass -->
        <test-method signature="runScenario(io.cucumber.testng.PickleWrapper,io.cucumber.testng.FeatureWrapper)[pri:0, instance:runnerFile.TestRunner@1a18644]" started-at="2021-11-26T09:32:07 IST" name="runScenario" description="Runs Cucumber Scenarios" data-provider="scenarios" finished-at="2021-11-26T09:34:14 IST" duration-ms="126131" status="PASS">
          <params>
            <param index="0">
              <value>
                <![CDATA["verify links are working or not"]]>
              </value>
            </param>
            <param index="1">
              <value>
                <![CDATA["Optional[Check  Leader Module functionality]"]]>
              </value>
            </param>
          </params>
          <reporter-output>
          </reporter-output>
        </test-method> <!-- runScenario -->
        <test-method signature="runScenario(io.cucumber.testng.PickleWrapper,io.cucumber.testng.FeatureWrapper)[pri:0, instance:runnerFile.TestRunner@1a18644]" started-at="2021-11-26T09:34:14 IST" name="runScenario" description="Runs Cucumber Scenarios" data-provider="scenarios" finished-at="2021-11-26T09:34:52 IST" duration-ms="38796" status="PASS">
          <params>
            <param index="0">
              <value>
                <![CDATA["Test the images in the page  is unBroken"]]>
              </value>
            </param>
            <param index="1">
              <value>
                <![CDATA["Optional[In mediaRelase  module check  media functionality]"]]>
              </value>
            </param>
          </params>
          <reporter-output>
          </reporter-output>
        </test-method> <!-- runScenario -->
        <test-method signature="runScenario(io.cucumber.testng.PickleWrapper,io.cucumber.testng.FeatureWrapper)[pri:0, instance:runnerFile.TestRunner@1a18644]" started-at="2021-11-26T09:34:52 IST" name="runScenario" description="Runs Cucumber Scenarios" data-provider="scenarios" finished-at="2021-11-26T09:34:58 IST" duration-ms="5173" status="FAIL">
          <params>
            <param index="0">
              <value>
                <![CDATA["Test the image is broken or not"]]>
              </value>
            </param>
            <param index="1">
              <value>
                <![CDATA["Optional[In mediaRelase  module check  media functionality]"]]>
              </value>
            </param>
          </params>
          <exception class="java.lang.AssertionError">
            <message>
              <![CDATA[expected [false] but found [true]]]>
            </message>
            <full-stacktrace>
              <![CDATA[java.lang.AssertionError: expected [false] but found [true]
at org.testng.Assert.fail(Assert.java:99)
at org.testng.Assert.failNotEquals(Assert.java:1037)
at org.testng.Assert.assertEqualsImpl(Assert.java:140)
at org.testng.Assert.assertEquals(Assert.java:122)
at org.testng.Assert.assertEquals(Assert.java:819)
at org.testng.Assert.assertEquals(Assert.java:829)
at stepDefinition.MediaRelaseStepdef.ScrollDown(MediaRelaseStepdef.java:72)
at ✽.scroll down see image is broken(file:///D:/project/TesttingFrameworks/ArmyCucumber/src/test/resources/featureFile/MediaRelase.feature:17)
]]>
            </full-stacktrace>
          </exception> <!-- java.lang.AssertionError -->
          <reporter-output>
          </reporter-output>
        </test-method> <!-- runScenario -->
        <test-method signature="runScenario(io.cucumber.testng.PickleWrapper,io.cucumber.testng.FeatureWrapper)[pri:0, instance:runnerFile.TestRunner@1a18644]" started-at="2021-11-26T09:34:58 IST" name="runScenario" description="Runs Cucumber Scenarios" data-provider="scenarios" finished-at="2021-11-26T09:35:33 IST" duration-ms="35765" status="FAIL">
          <params>
            <param index="0">
              <value>
                <![CDATA["Verify image modal is closed or not  inside a pagination module"]]>
              </value>
            </param>
            <param index="1">
              <value>
                <![CDATA["Optional[Check pagination functionality]"]]>
              </value>
            </param>
          </params>
          <exception class="java.lang.AssertionError">
            <message>
              <![CDATA[expected [false] but found [true]]]>
            </message>
            <full-stacktrace>
              <![CDATA[java.lang.AssertionError: expected [false] but found [true]
at org.testng.Assert.fail(Assert.java:99)
at org.testng.Assert.failNotEquals(Assert.java:1037)
at org.testng.Assert.assertEqualsImpl(Assert.java:140)
at org.testng.Assert.assertEquals(Assert.java:122)
at org.testng.Assert.assertEquals(Assert.java:819)
at org.testng.Assert.assertEquals(Assert.java:829)
at stepDefinition.PaginationStepDef.closeModal(PaginationStepDef.java:66)
at ✽.close the modal(file:///D:/project/TesttingFrameworks/ArmyCucumber/src/test/resources/featureFile/Pagination.feature:14)
]]>
            </full-stacktrace>
          </exception> <!-- java.lang.AssertionError -->
          <reporter-output>
          </reporter-output>
        </test-method> <!-- runScenario -->
        <test-method signature="runScenario(io.cucumber.testng.PickleWrapper,io.cucumber.testng.FeatureWrapper)[pri:0, instance:runnerFile.TestRunner@1a18644]" started-at="2021-11-26T09:35:33 IST" name="runScenario" description="Runs Cucumber Scenarios" data-provider="scenarios" finished-at="2021-11-26T09:36:09 IST" duration-ms="35360" status="PASS">
          <params>
            <param index="0">
              <value>
                <![CDATA["Test the Document is available or not"]]>
              </value>
            </param>
            <param index="1">
              <value>
                <![CDATA["Optional[Check PublicationModule function]"]]>
              </value>
            </param>
          </params>
          <reporter-output>
          </reporter-output>
        </test-method> <!-- runScenario -->
        <test-method is-config="true" signature="tearDownClass()[pri:0, instance:runnerFile.TestRunner@1a18644]" started-at="2021-11-26T09:36:09 IST" name="tearDownClass" finished-at="2021-11-26T09:36:32 IST" duration-ms="23254" status="PASS">
          <reporter-output>
          </reporter-output>
        </test-method> <!-- tearDownClass -->
      </class> <!-- runnerFile.TestRunner -->
    </test> <!-- Test -->
  </suite> <!-- army -->
</testng-results>
